2025-06-20 02:51:36,643 - app - INFO - GET /health - Status: 200 - Time: 0.00s - IP: 127.0.0.1
2025-06-20 02:51:44,635 - app - INFO - GET /status - Status: 200 - Time: 0.00s - IP: 127.0.0.1
2025-06-20 02:51:52,902 - app - INFO - GET /docs - Status: 200 - Time: 0.00s - IP: 127.0.0.1
2025-06-20 02:51:54,204 - app - INFO - GET /openapi.json - Status: 200 - Time: 0.02s - IP: 127.0.0.1
2025-06-20 02:53:03,984 - app - INFO - GET /docs - Status: 200 - Time: 0.00s - IP: 127.0.0.1
2025-06-20 02:53:05,233 - app - INFO - GET /openapi.json - Status: 200 - Time: 0.00s - IP: 127.0.0.1
2025-06-20 02:53:11,114 - app - INFO - GET /health - Status: 200 - Time: 0.00s - IP: 127.0.0.1
2025-06-20 02:53:38,662 - app - INFO - GET /status - Status: 200 - Time: 0.00s - IP: 127.0.0.1
2025-06-20 03:13:57,438 - watchfiles.main - INFO - 5 changes detected
2025-06-20 03:14:16,465 - app - INFO - GET /health - Status: 200 - Time: 0.00s - IP: 127.0.0.1
2025-06-20 03:14:24,502 - app - INFO - GET /status - Status: 200 - Time: 0.00s - IP: 127.0.0.1
2025-06-20 03:14:38,314 - watchfiles.main - INFO - 4 changes detected
2025-06-20 03:14:39,011 - watchfiles.main - INFO - 1 change detected
2025-06-20 03:14:39,370 - watchfiles.main - INFO - 1 change detected
2025-06-20 03:14:39,733 - watchfiles.main - INFO - 1 change detected
2025-06-20 03:14:40,145 - watchfiles.main - INFO - 6 changes detected
2025-06-20 03:14:40,553 - watchfiles.main - INFO - 1 change detected
2025-06-20 03:14:40,957 - watchfiles.main - INFO - 1 change detected
2025-06-20 03:14:41,314 - watchfiles.main - INFO - 1 change detected
2025-06-20 03:14:41,722 - watchfiles.main - INFO - 1 change detected
2025-06-20 03:14:42,125 - watchfiles.main - INFO - 1 change detected
2025-06-20 03:14:42,530 - watchfiles.main - INFO - 1 change detected
2025-06-20 03:14:42,937 - watchfiles.main - INFO - 1 change detected
2025-06-20 03:14:43,341 - watchfiles.main - INFO - 1 change detected
2025-06-20 03:14:43,745 - watchfiles.main - INFO - 1 change detected
2025-06-20 03:14:44,251 - watchfiles.main - INFO - 1 change detected
2025-06-20 03:14:44,664 - watchfiles.main - INFO - 1 change detected
2025-06-20 03:14:45,068 - watchfiles.main - INFO - 1 change detected
2025-06-20 03:14:45,473 - watchfiles.main - INFO - 1 change detected
2025-06-20 03:14:46,033 - watchfiles.main - INFO - 1 change detected
2025-06-20 03:14:46,390 - watchfiles.main - INFO - 1 change detected
2025-06-20 03:14:46,798 - watchfiles.main - INFO - 1 change detected
2025-06-20 03:14:47,209 - watchfiles.main - INFO - 1 change detected
2025-06-20 03:14:47,613 - watchfiles.main - INFO - 1 change detected
2025-06-20 03:14:48,018 - watchfiles.main - INFO - 1 change detected
2025-06-20 03:14:48,425 - watchfiles.main - INFO - 1 change detected
2025-06-20 03:14:48,834 - watchfiles.main - INFO - 1 change detected
2025-06-20 03:14:49,241 - watchfiles.main - INFO - 1 change detected
2025-06-20 03:14:49,648 - watchfiles.main - INFO - 1 change detected
2025-06-20 03:14:50,053 - watchfiles.main - INFO - 1 change detected
2025-06-20 03:14:50,463 - watchfiles.main - INFO - 1 change detected
2025-06-20 03:14:50,871 - watchfiles.main - INFO - 1 change detected
2025-06-20 03:14:51,273 - watchfiles.main - INFO - 1 change detected
2025-06-20 03:14:51,678 - watchfiles.main - INFO - 1 change detected
2025-06-20 03:14:52,086 - watchfiles.main - INFO - 1 change detected
2025-06-20 03:14:52,452 - watchfiles.main - INFO - 1 change detected
2025-06-20 03:14:52,863 - watchfiles.main - INFO - 1 change detected
2025-06-20 03:14:53,267 - watchfiles.main - INFO - 1 change detected
2025-06-20 03:14:53,674 - watchfiles.main - INFO - 1 change detected
2025-06-20 03:14:54,079 - watchfiles.main - INFO - 1 change detected
2025-06-20 03:14:54,486 - watchfiles.main - INFO - 1 change detected
2025-06-20 03:14:54,892 - watchfiles.main - INFO - 1 change detected
2025-06-20 03:14:55,299 - watchfiles.main - INFO - 1 change detected
2025-06-20 03:14:55,708 - watchfiles.main - INFO - 1 change detected
2025-06-20 03:14:56,125 - watchfiles.main - INFO - 1 change detected
2025-06-20 03:14:56,548 - watchfiles.main - INFO - 1 change detected
2025-06-20 03:14:56,955 - watchfiles.main - INFO - 1 change detected
2025-06-20 03:14:57,321 - watchfiles.main - INFO - 1 change detected
2025-06-20 03:14:57,781 - watchfiles.main - INFO - 1 change detected
2025-06-20 03:14:58,348 - watchfiles.main - INFO - 1 change detected
2025-06-20 03:14:58,711 - watchfiles.main - INFO - 1 change detected
2025-06-20 03:14:59,120 - watchfiles.main - INFO - 1 change detected
2025-06-20 03:14:59,525 - watchfiles.main - INFO - 1 change detected
2025-06-20 03:14:59,930 - watchfiles.main - INFO - 1 change detected
2025-06-20 03:15:00,384 - watchfiles.main - INFO - 1 change detected
2025-06-20 03:15:00,788 - watchfiles.main - INFO - 1 change detected
2025-06-20 03:15:01,143 - watchfiles.main - INFO - 1 change detected
2025-06-20 03:15:01,502 - watchfiles.main - INFO - 1 change detected
2025-06-20 03:15:01,861 - watchfiles.main - INFO - 1 change detected
2025-06-20 03:15:02,267 - watchfiles.main - INFO - 7 changes detected
2025-06-20 03:15:02,621 - watchfiles.main - INFO - 1 change detected
2025-06-20 03:15:02,980 - watchfiles.main - INFO - 1 change detected
2025-06-20 03:15:03,338 - watchfiles.main - INFO - 1 change detected
2025-06-20 03:15:03,698 - watchfiles.main - INFO - 1 change detected
2025-06-20 03:15:04,055 - watchfiles.main - INFO - 1 change detected
2025-06-20 03:15:04,465 - watchfiles.main - INFO - 1 change detected
2025-06-20 03:15:04,869 - watchfiles.main - INFO - 1 change detected
2025-06-20 03:15:05,276 - watchfiles.main - INFO - 1 change detected
2025-06-20 03:15:05,681 - watchfiles.main - INFO - 1 change detected
2025-06-20 03:15:06,087 - watchfiles.main - INFO - 1 change detected
2025-06-20 03:15:06,493 - watchfiles.main - INFO - 1 change detected
2025-06-20 03:15:06,898 - watchfiles.main - INFO - 1 change detected
2025-06-20 03:15:07,303 - watchfiles.main - INFO - 1 change detected
2025-06-20 03:15:07,709 - watchfiles.main - INFO - 1 change detected
2025-06-20 03:15:08,117 - watchfiles.main - INFO - 1 change detected
2025-06-20 03:15:08,522 - watchfiles.main - INFO - 1 change detected
2025-06-20 03:15:08,928 - watchfiles.main - INFO - 1 change detected
2025-06-20 03:15:09,344 - watchfiles.main - INFO - 1 change detected
2025-06-20 03:15:09,748 - watchfiles.main - INFO - 1 change detected
2025-06-20 03:15:10,134 - watchfiles.main - INFO - 1 change detected
2025-06-20 03:15:10,543 - watchfiles.main - INFO - 1 change detected
2025-06-20 03:15:10,948 - watchfiles.main - INFO - 1 change detected
2025-06-20 03:15:11,357 - watchfiles.main - INFO - 1 change detected
2025-06-20 03:15:11,774 - watchfiles.main - INFO - 1 change detected
2025-06-20 03:15:12,178 - watchfiles.main - INFO - 1 change detected
2025-06-20 03:15:12,583 - watchfiles.main - INFO - 1 change detected
2025-06-20 03:15:12,989 - watchfiles.main - INFO - 1 change detected
2025-06-20 03:15:13,397 - watchfiles.main - INFO - 1 change detected
2025-06-20 03:15:13,803 - watchfiles.main - INFO - 1 change detected
2025-06-20 03:15:14,207 - watchfiles.main - INFO - 1 change detected
2025-06-20 03:15:14,610 - watchfiles.main - INFO - 1 change detected
2025-06-20 03:15:14,790 - app - INFO - GET /docs - Status: 200 - Time: 0.00s - IP: 127.0.0.1
2025-06-20 03:15:14,965 - watchfiles.main - INFO - 1 change detected
2025-06-20 03:15:14,982 - app - INFO - GET /openapi.json - Status: 200 - Time: 0.02s - IP: 127.0.0.1
2025-06-20 03:15:15,379 - watchfiles.main - INFO - 1 change detected
2025-06-20 03:15:15,795 - watchfiles.main - INFO - 1 change detected
2025-06-20 03:15:16,202 - watchfiles.main - INFO - 1 change detected
2025-06-20 03:15:16,607 - watchfiles.main - INFO - 1 change detected
2025-06-20 03:15:17,011 - watchfiles.main - INFO - 1 change detected
2025-06-20 03:15:17,419 - watchfiles.main - INFO - 1 change detected
2025-06-20 03:15:17,824 - watchfiles.main - INFO - 1 change detected
2025-06-20 03:15:18,231 - watchfiles.main - INFO - 1 change detected
2025-06-20 03:15:18,634 - watchfiles.main - INFO - 1 change detected
2025-06-20 03:15:19,052 - watchfiles.main - INFO - 1 change detected
2025-06-20 03:15:19,463 - watchfiles.main - INFO - 1 change detected
2025-06-20 03:15:20,140 - watchfiles.main - INFO - 1 change detected
2025-06-20 03:15:20,666 - watchfiles.main - INFO - 1 change detected
2025-06-20 03:15:21,025 - watchfiles.main - INFO - 1 change detected
2025-06-20 03:15:21,384 - watchfiles.main - INFO - 1 change detected
2025-06-20 03:15:21,791 - watchfiles.main - INFO - 1 change detected
2025-06-20 03:15:22,201 - watchfiles.main - INFO - 1 change detected
2025-06-20 03:15:22,604 - watchfiles.main - INFO - 1 change detected
2025-06-20 03:15:23,008 - watchfiles.main - INFO - 1 change detected
2025-06-20 03:15:23,413 - watchfiles.main - INFO - 1 change detected
2025-06-20 03:15:23,817 - watchfiles.main - INFO - 1 change detected
2025-06-20 03:15:24,223 - watchfiles.main - INFO - 1 change detected
2025-06-20 03:15:24,631 - watchfiles.main - INFO - 1 change detected
2025-06-20 03:15:25,000 - watchfiles.main - INFO - 1 change detected
2025-06-20 03:15:25,409 - watchfiles.main - INFO - 1 change detected
2025-06-20 03:15:25,813 - watchfiles.main - INFO - 1 change detected
2025-06-20 03:15:26,220 - watchfiles.main - INFO - 1 change detected
2025-06-20 03:15:26,626 - watchfiles.main - INFO - 1 change detected
2025-06-20 03:15:27,140 - watchfiles.main - INFO - 1 change detected
2025-06-20 03:15:27,543 - watchfiles.main - INFO - 1 change detected
2025-06-20 03:15:27,947 - watchfiles.main - INFO - 1 change detected
2025-06-20 03:15:28,356 - watchfiles.main - INFO - 1 change detected
2025-06-20 03:15:28,761 - watchfiles.main - INFO - 1 change detected
2025-06-20 03:15:29,167 - watchfiles.main - INFO - 1 change detected
2025-06-20 03:15:29,574 - watchfiles.main - INFO - 1 change detected
2025-06-20 03:15:29,982 - watchfiles.main - INFO - 1 change detected
2025-06-20 03:15:30,337 - watchfiles.main - INFO - 1 change detected
2025-06-20 03:15:30,746 - watchfiles.main - INFO - 1 change detected
2025-06-20 03:15:31,151 - watchfiles.main - INFO - 1 change detected
2025-06-20 03:15:31,708 - watchfiles.main - INFO - 1 change detected
2025-06-20 03:15:32,069 - watchfiles.main - INFO - 1 change detected
2025-06-20 03:15:32,476 - watchfiles.main - INFO - 1 change detected
2025-06-20 03:15:32,885 - watchfiles.main - INFO - 1 change detected
2025-06-20 03:15:33,288 - watchfiles.main - INFO - 1 change detected
2025-06-20 03:15:33,690 - watchfiles.main - INFO - 1 change detected
2025-06-20 03:15:34,096 - watchfiles.main - INFO - 1 change detected
2025-06-20 03:15:34,502 - watchfiles.main - INFO - 1 change detected
2025-06-20 03:15:34,908 - watchfiles.main - INFO - 1 change detected
2025-06-20 03:15:35,316 - watchfiles.main - INFO - 1 change detected
2025-06-20 03:15:35,718 - watchfiles.main - INFO - 1 change detected
2025-06-20 03:15:36,126 - watchfiles.main - INFO - 1 change detected
2025-06-20 03:15:36,531 - watchfiles.main - INFO - 1 change detected
2025-06-20 03:15:36,934 - watchfiles.main - INFO - 1 change detected
2025-06-20 03:15:37,339 - watchfiles.main - INFO - 1 change detected
2025-06-20 03:15:37,746 - watchfiles.main - INFO - 1 change detected
2025-06-20 03:15:38,153 - watchfiles.main - INFO - 1 change detected
2025-06-20 03:15:38,558 - watchfiles.main - INFO - 1 change detected
2025-06-20 03:15:38,960 - watchfiles.main - INFO - 1 change detected
2025-06-20 03:15:39,365 - watchfiles.main - INFO - 1 change detected
2025-06-20 03:15:39,823 - watchfiles.main - INFO - 1 change detected
2025-06-20 03:15:40,228 - watchfiles.main - INFO - 1 change detected
2025-06-20 03:15:40,631 - watchfiles.main - INFO - 1 change detected
2025-06-20 03:15:41,038 - watchfiles.main - INFO - 1 change detected
2025-06-20 03:15:41,443 - watchfiles.main - INFO - 1 change detected
2025-06-20 03:15:41,850 - watchfiles.main - INFO - 1 change detected
2025-06-20 03:15:42,259 - watchfiles.main - INFO - 1 change detected
2025-06-20 03:15:42,663 - watchfiles.main - INFO - 1 change detected
2025-06-20 03:15:43,068 - watchfiles.main - INFO - 1 change detected
2025-06-20 03:15:43,473 - watchfiles.main - INFO - 1 change detected
2025-06-20 03:15:43,880 - watchfiles.main - INFO - 1 change detected
2025-06-20 03:15:44,285 - watchfiles.main - INFO - 1 change detected
2025-06-20 03:15:44,643 - watchfiles.main - INFO - 1 change detected
2025-06-20 03:15:45,111 - watchfiles.main - INFO - 1 change detected
2025-06-20 03:15:45,472 - watchfiles.main - INFO - 1 change detected
2025-06-20 03:15:45,879 - watchfiles.main - INFO - 1 change detected
2025-06-20 03:15:46,287 - watchfiles.main - INFO - 1 change detected
2025-06-20 03:15:46,692 - watchfiles.main - INFO - 1 change detected
2025-06-20 03:15:47,096 - watchfiles.main - INFO - 1 change detected
2025-06-20 03:15:47,499 - watchfiles.main - INFO - 1 change detected
2025-06-20 03:15:47,903 - watchfiles.main - INFO - 1 change detected
2025-06-20 03:15:48,314 - watchfiles.main - INFO - 1 change detected
2025-06-20 03:15:48,731 - watchfiles.main - INFO - 1 change detected
2025-06-20 03:15:49,137 - watchfiles.main - INFO - 1 change detected
2025-06-20 03:15:49,547 - watchfiles.main - INFO - 1 change detected
2025-06-20 03:15:49,952 - watchfiles.main - INFO - 1 change detected
2025-06-20 03:15:50,355 - watchfiles.main - INFO - 1 change detected
2025-06-20 03:15:50,762 - watchfiles.main - INFO - 1 change detected
2025-06-20 03:15:51,168 - watchfiles.main - INFO - 1 change detected
2025-06-20 03:15:51,576 - watchfiles.main - INFO - 1 change detected
2025-06-20 03:15:51,980 - watchfiles.main - INFO - 1 change detected
2025-06-20 03:15:52,386 - watchfiles.main - INFO - 1 change detected
2025-06-20 03:15:52,790 - watchfiles.main - INFO - 1 change detected
2025-06-20 03:15:53,194 - watchfiles.main - INFO - 1 change detected
2025-06-20 03:15:53,597 - watchfiles.main - INFO - 1 change detected
2025-06-20 03:15:54,001 - watchfiles.main - INFO - 1 change detected
2025-06-20 03:15:54,418 - watchfiles.main - INFO - 1 change detected
2025-06-20 03:15:54,821 - watchfiles.main - INFO - 1 change detected
2025-06-20 03:15:55,228 - watchfiles.main - INFO - 1 change detected
2025-06-20 03:15:55,636 - watchfiles.main - INFO - 1 change detected
2025-06-20 03:15:56,041 - watchfiles.main - INFO - 1 change detected
2025-06-20 03:15:56,447 - watchfiles.main - INFO - 1 change detected
2025-06-20 03:15:56,854 - watchfiles.main - INFO - 1 change detected
2025-06-20 03:15:57,259 - watchfiles.main - INFO - 1 change detected
2025-06-20 03:15:57,664 - watchfiles.main - INFO - 1 change detected
2025-06-20 03:15:58,070 - watchfiles.main - INFO - 1 change detected
2025-06-20 03:15:58,475 - watchfiles.main - INFO - 1 change detected
2025-06-20 03:15:58,930 - watchfiles.main - INFO - 1 change detected
2025-06-20 03:15:59,435 - watchfiles.main - INFO - 1 change detected
2025-06-20 03:15:59,799 - watchfiles.main - INFO - 1 change detected
2025-06-20 03:16:00,207 - watchfiles.main - INFO - 1 change detected
2025-06-20 03:16:00,616 - watchfiles.main - INFO - 1 change detected
2025-06-20 03:16:01,018 - watchfiles.main - INFO - 1 change detected
2025-06-20 03:16:01,424 - watchfiles.main - INFO - 1 change detected
2025-06-20 03:16:01,833 - watchfiles.main - INFO - 1 change detected
2025-06-20 03:16:02,238 - watchfiles.main - INFO - 1 change detected
2025-06-20 03:16:02,647 - watchfiles.main - INFO - 1 change detected
2025-06-20 03:16:03,051 - watchfiles.main - INFO - 1 change detected
2025-06-20 03:16:03,456 - watchfiles.main - INFO - 1 change detected
2025-06-20 03:16:03,961 - watchfiles.main - INFO - 1 change detected
2025-06-20 03:16:04,372 - watchfiles.main - INFO - 1 change detected
2025-06-20 03:16:04,738 - watchfiles.main - INFO - 1 change detected
2025-06-20 03:16:05,146 - watchfiles.main - INFO - 1 change detected
2025-06-20 03:16:05,549 - watchfiles.main - INFO - 1 change detected
2025-06-20 03:16:05,952 - watchfiles.main - INFO - 1 change detected
2025-06-20 03:16:06,460 - watchfiles.main - INFO - 1 change detected
2025-06-20 03:16:06,875 - watchfiles.main - INFO - 1 change detected
2025-06-20 03:16:07,332 - watchfiles.main - INFO - 1 change detected
2025-06-20 03:16:07,738 - watchfiles.main - INFO - 1 change detected
2025-06-20 03:16:08,105 - watchfiles.main - INFO - 1 change detected
2025-06-20 03:16:08,513 - watchfiles.main - INFO - 1 change detected
2025-06-20 03:16:08,918 - watchfiles.main - INFO - 1 change detected
2025-06-20 03:16:09,323 - watchfiles.main - INFO - 1 change detected
2025-06-20 03:16:10,284 - watchfiles.main - INFO - 1 change detected
2025-06-20 03:16:10,648 - watchfiles.main - INFO - 1 change detected
2025-06-20 03:16:11,006 - watchfiles.main - INFO - 1 change detected
2025-06-20 03:16:11,417 - watchfiles.main - INFO - 1 change detected
2025-06-20 03:16:11,822 - watchfiles.main - INFO - 1 change detected
2025-06-20 03:16:12,225 - watchfiles.main - INFO - 1 change detected
2025-06-20 03:16:12,631 - watchfiles.main - INFO - 1 change detected
2025-06-20 03:16:13,039 - watchfiles.main - INFO - 1 change detected
2025-06-20 03:16:13,442 - watchfiles.main - INFO - 1 change detected
2025-06-20 03:16:13,848 - watchfiles.main - INFO - 1 change detected
2025-06-20 03:16:14,253 - watchfiles.main - INFO - 1 change detected
2025-06-20 03:16:14,660 - watchfiles.main - INFO - 1 change detected
2025-06-20 03:16:15,067 - watchfiles.main - INFO - 1 change detected
2025-06-20 03:16:15,475 - watchfiles.main - INFO - 1 change detected
2025-06-20 03:16:15,930 - watchfiles.main - INFO - 1 change detected
2025-06-20 03:16:16,889 - watchfiles.main - INFO - 1 change detected
2025-06-20 03:16:17,252 - watchfiles.main - INFO - 1 change detected
2025-06-20 03:16:17,611 - watchfiles.main - INFO - 1 change detected
2025-06-20 03:16:18,018 - watchfiles.main - INFO - 1 change detected
2025-06-20 03:16:18,421 - watchfiles.main - INFO - 1 change detected
2025-06-20 03:16:18,830 - watchfiles.main - INFO - 1 change detected
2025-06-20 03:16:19,237 - watchfiles.main - INFO - 1 change detected
2025-06-20 03:16:19,643 - watchfiles.main - INFO - 1 change detected
2025-06-20 03:16:20,046 - watchfiles.main - INFO - 1 change detected
2025-06-20 03:16:20,453 - watchfiles.main - INFO - 1 change detected
2025-06-20 03:16:20,858 - watchfiles.main - INFO - 1 change detected
2025-06-20 03:16:21,226 - watchfiles.main - INFO - 1 change detected
2025-06-20 03:16:21,632 - watchfiles.main - INFO - 1 change detected
2025-06-20 03:16:22,043 - watchfiles.main - INFO - 1 change detected
2025-06-20 03:16:22,450 - watchfiles.main - INFO - 1 change detected
2025-06-20 03:16:22,855 - watchfiles.main - INFO - 1 change detected
2025-06-20 03:16:23,275 - watchfiles.main - INFO - 1 change detected
2025-06-20 03:16:23,679 - watchfiles.main - INFO - 1 change detected
2025-06-20 03:16:24,089 - watchfiles.main - INFO - 1 change detected
2025-06-20 03:16:24,494 - watchfiles.main - INFO - 1 change detected
2025-06-20 03:16:24,899 - watchfiles.main - INFO - 1 change detected
2025-06-20 03:16:25,305 - watchfiles.main - INFO - 1 change detected
2025-06-20 03:16:25,710 - watchfiles.main - INFO - 1 change detected
2025-06-20 03:16:26,116 - watchfiles.main - INFO - 1 change detected
2025-06-20 03:16:26,521 - watchfiles.main - INFO - 1 change detected
2025-06-20 03:16:26,927 - watchfiles.main - INFO - 1 change detected
2025-06-20 03:16:27,485 - watchfiles.main - INFO - 1 change detected
2025-06-20 03:16:27,842 - watchfiles.main - INFO - 1 change detected
2025-06-20 03:16:28,252 - watchfiles.main - INFO - 1 change detected
2025-06-20 03:16:28,658 - watchfiles.main - INFO - 1 change detected
2025-06-20 03:16:29,062 - watchfiles.main - INFO - 1 change detected
2025-06-20 03:16:29,469 - watchfiles.main - INFO - 1 change detected
2025-06-20 03:16:29,872 - watchfiles.main - INFO - 1 change detected
2025-06-20 03:16:30,276 - watchfiles.main - INFO - 1 change detected
2025-06-20 03:16:30,686 - watchfiles.main - INFO - 1 change detected
2025-06-20 03:16:31,090 - watchfiles.main - INFO - 1 change detected
2025-06-20 03:16:31,494 - watchfiles.main - INFO - 1 change detected
2025-06-20 03:16:31,901 - watchfiles.main - INFO - 1 change detected
2025-06-20 03:16:32,306 - watchfiles.main - INFO - 1 change detected
2025-06-20 03:16:32,711 - watchfiles.main - INFO - 1 change detected
2025-06-20 03:16:33,159 - watchfiles.main - INFO - 1 change detected
2025-06-20 03:16:33,517 - watchfiles.main - INFO - 1 change detected
2025-06-20 03:16:33,927 - watchfiles.main - INFO - 1 change detected
2025-06-20 03:16:34,332 - watchfiles.main - INFO - 1 change detected
2025-06-20 03:16:34,840 - watchfiles.main - INFO - 1 change detected
2025-06-20 03:16:35,253 - watchfiles.main - INFO - 1 change detected
2025-06-20 03:16:35,660 - watchfiles.main - INFO - 1 change detected
2025-06-20 03:16:36,064 - watchfiles.main - INFO - 1 change detected
2025-06-20 03:16:36,472 - watchfiles.main - INFO - 1 change detected
2025-06-20 03:16:36,875 - watchfiles.main - INFO - 1 change detected
2025-06-20 03:16:37,280 - watchfiles.main - INFO - 1 change detected
2025-06-20 03:16:37,684 - watchfiles.main - INFO - 1 change detected
2025-06-20 03:16:38,090 - watchfiles.main - INFO - 1 change detected
2025-06-20 03:16:38,497 - watchfiles.main - INFO - 1 change detected
2025-06-20 03:16:38,903 - watchfiles.main - INFO - 1 change detected
2025-06-20 03:16:39,307 - watchfiles.main - INFO - 1 change detected
2025-06-20 03:16:39,799 - watchfiles.main - INFO - 1 change detected
2025-06-20 03:16:40,214 - watchfiles.main - INFO - 1 change detected
2025-06-20 03:16:40,618 - watchfiles.main - INFO - 1 change detected
2025-06-20 03:16:41,021 - watchfiles.main - INFO - 1 change detected
2025-06-20 03:16:41,426 - watchfiles.main - INFO - 1 change detected
2025-06-20 03:16:41,779 - watchfiles.main - INFO - 1 change detected
2025-06-20 03:16:42,190 - watchfiles.main - INFO - 1 change detected
2025-06-20 03:16:42,598 - watchfiles.main - INFO - 1 change detected
2025-06-20 03:16:43,003 - watchfiles.main - INFO - 1 change detected
2025-06-20 03:16:43,408 - watchfiles.main - INFO - 1 change detected
2025-06-20 03:16:43,762 - watchfiles.main - INFO - 1 change detected
2025-06-20 03:16:44,115 - watchfiles.main - INFO - 1 change detected
2025-06-20 03:16:44,471 - watchfiles.main - INFO - 1 change detected
2025-06-20 03:16:44,830 - watchfiles.main - INFO - 1 change detected
2025-06-20 03:16:45,191 - watchfiles.main - INFO - 1 change detected
2025-06-20 03:16:45,601 - watchfiles.main - INFO - 1 change detected
2025-06-20 03:16:46,006 - watchfiles.main - INFO - 1 change detected
2025-06-20 03:16:46,411 - watchfiles.main - INFO - 1 change detected
2025-06-20 03:16:46,818 - watchfiles.main - INFO - 1 change detected
2025-06-20 03:16:47,224 - watchfiles.main - INFO - 1 change detected
2025-06-20 03:16:47,630 - watchfiles.main - INFO - 1 change detected
2025-06-20 03:16:48,037 - watchfiles.main - INFO - 1 change detected
2025-06-20 03:16:48,444 - watchfiles.main - INFO - 1 change detected
2025-06-20 03:16:48,849 - watchfiles.main - INFO - 1 change detected
2025-06-20 03:16:49,256 - watchfiles.main - INFO - 1 change detected
2025-06-20 03:16:49,694 - watchfiles.main - INFO - 1 change detected
2025-06-20 03:16:50,098 - watchfiles.main - INFO - 1 change detected
2025-06-20 03:16:50,506 - watchfiles.main - INFO - 1 change detected
2025-06-20 03:16:51,008 - watchfiles.main - INFO - 1 change detected
2025-06-20 03:16:51,421 - watchfiles.main - INFO - 1 change detected
2025-06-20 03:16:51,829 - watchfiles.main - INFO - 1 change detected
2025-06-20 03:16:52,234 - watchfiles.main - INFO - 1 change detected
2025-06-20 03:16:52,640 - watchfiles.main - INFO - 1 change detected
2025-06-20 03:16:53,044 - watchfiles.main - INFO - 1 change detected
2025-06-20 03:16:53,453 - watchfiles.main - INFO - 1 change detected
2025-06-20 03:16:53,858 - watchfiles.main - INFO - 1 change detected
2025-06-20 03:16:54,260 - watchfiles.main - INFO - 1 change detected
2025-06-20 03:16:54,666 - watchfiles.main - INFO - 1 change detected
2025-06-20 03:16:55,072 - watchfiles.main - INFO - 1 change detected
2025-06-20 03:16:55,476 - watchfiles.main - INFO - 1 change detected
2025-06-20 03:16:55,880 - watchfiles.main - INFO - 1 change detected
2025-06-20 03:16:56,287 - watchfiles.main - INFO - 1 change detected
2025-06-20 03:16:56,696 - watchfiles.main - INFO - 1 change detected
2025-06-20 03:16:57,051 - watchfiles.main - INFO - 1 change detected
2025-06-20 03:16:57,462 - watchfiles.main - INFO - 1 change detected
2025-06-20 03:16:57,869 - watchfiles.main - INFO - 1 change detected
2025-06-20 03:16:58,273 - watchfiles.main - INFO - 1 change detected
2025-06-20 03:16:58,681 - watchfiles.main - INFO - 1 change detected
2025-06-20 03:16:59,085 - watchfiles.main - INFO - 1 change detected
2025-06-20 03:16:59,490 - watchfiles.main - INFO - 1 change detected
2025-06-20 03:16:59,914 - watchfiles.main - INFO - 1 change detected
2025-06-20 03:17:00,269 - watchfiles.main - INFO - 1 change detected
2025-06-20 03:17:00,678 - watchfiles.main - INFO - 1 change detected
2025-06-20 03:17:01,084 - watchfiles.main - INFO - 1 change detected
2025-06-20 03:17:01,490 - watchfiles.main - INFO - 1 change detected
2025-06-20 03:17:01,898 - watchfiles.main - INFO - 1 change detected
2025-06-20 03:17:02,303 - watchfiles.main - INFO - 1 change detected
2025-06-20 03:17:02,711 - watchfiles.main - INFO - 1 change detected
2025-06-20 03:17:03,116 - watchfiles.main - INFO - 1 change detected
2025-06-20 03:17:03,522 - watchfiles.main - INFO - 1 change detected
2025-06-20 03:17:04,129 - watchfiles.main - INFO - 1 change detected
2025-06-20 03:17:04,488 - watchfiles.main - INFO - 1 change detected
2025-06-20 03:17:04,848 - watchfiles.main - INFO - 1 change detected
2025-06-20 03:17:05,255 - watchfiles.main - INFO - 1 change detected
2025-06-20 03:17:05,708 - watchfiles.main - INFO - 1 change detected
2025-06-20 03:17:06,124 - watchfiles.main - INFO - 1 change detected
2025-06-20 03:17:06,528 - watchfiles.main - INFO - 1 change detected
2025-06-20 03:17:06,931 - watchfiles.main - INFO - 1 change detected
2025-06-20 03:17:07,339 - watchfiles.main - INFO - 1 change detected
2025-06-20 03:17:07,695 - watchfiles.main - INFO - 1 change detected
2025-06-20 03:17:08,105 - watchfiles.main - INFO - 1 change detected
2025-06-20 03:17:08,511 - watchfiles.main - INFO - 1 change detected
2025-06-20 03:17:08,914 - watchfiles.main - INFO - 1 change detected
2025-06-20 03:17:09,321 - watchfiles.main - INFO - 1 change detected
2025-06-20 03:17:09,726 - watchfiles.main - INFO - 1 change detected
2025-06-20 03:17:10,137 - watchfiles.main - INFO - 1 change detected
2025-06-20 03:17:10,551 - watchfiles.main - INFO - 1 change detected
2025-06-20 03:17:10,959 - watchfiles.main - INFO - 1 change detected
2025-06-20 03:17:11,363 - watchfiles.main - INFO - 1 change detected
2025-06-20 03:17:11,767 - watchfiles.main - INFO - 1 change detected
2025-06-20 03:17:12,174 - watchfiles.main - INFO - 1 change detected
2025-06-20 03:17:12,579 - watchfiles.main - INFO - 1 change detected
2025-06-20 03:17:12,987 - watchfiles.main - INFO - 1 change detected
2025-06-20 03:17:13,395 - watchfiles.main - INFO - 1 change detected
2025-06-20 03:17:13,800 - watchfiles.main - INFO - 1 change detected
2025-06-20 03:17:14,219 - watchfiles.main - INFO - 1 change detected
2025-06-20 03:17:14,626 - watchfiles.main - INFO - 1 change detected
2025-06-20 03:17:15,029 - watchfiles.main - INFO - 1 change detected
2025-06-20 03:17:15,434 - watchfiles.main - INFO - 1 change detected
2025-06-20 03:17:15,793 - watchfiles.main - INFO - 1 change detected
2025-06-20 03:17:16,201 - watchfiles.main - INFO - 1 change detected
2025-06-20 03:17:16,608 - watchfiles.main - INFO - 1 change detected
2025-06-20 03:17:17,013 - watchfiles.main - INFO - 1 change detected
2025-06-20 03:17:17,420 - watchfiles.main - INFO - 1 change detected
2025-06-20 03:17:17,824 - watchfiles.main - INFO - 1 change detected
2025-06-20 03:17:18,226 - watchfiles.main - INFO - 1 change detected
2025-06-20 03:17:18,631 - watchfiles.main - INFO - 1 change detected
2025-06-20 03:17:19,034 - watchfiles.main - INFO - 1 change detected
2025-06-20 03:17:19,441 - watchfiles.main - INFO - 1 change detected
2025-06-20 03:17:19,846 - watchfiles.main - INFO - 1 change detected
2025-06-20 03:17:20,251 - watchfiles.main - INFO - 1 change detected
2025-06-20 03:17:20,656 - watchfiles.main - INFO - 1 change detected
2025-06-20 03:17:21,059 - watchfiles.main - INFO - 1 change detected
2025-06-20 03:17:21,463 - watchfiles.main - INFO - 1 change detected
2025-06-20 03:17:21,873 - watchfiles.main - INFO - 1 change detected
2025-06-20 03:17:22,280 - watchfiles.main - INFO - 1 change detected
2025-06-20 03:17:22,646 - watchfiles.main - INFO - 1 change detected
2025-06-20 03:17:23,055 - watchfiles.main - INFO - 1 change detected
2025-06-20 03:17:23,459 - watchfiles.main - INFO - 1 change detected
2025-06-20 03:17:23,865 - watchfiles.main - INFO - 1 change detected
2025-06-20 03:17:24,273 - watchfiles.main - INFO - 1 change detected
2025-06-20 03:17:24,681 - watchfiles.main - INFO - 1 change detected
2025-06-20 03:17:25,088 - watchfiles.main - INFO - 1 change detected
2025-06-20 03:17:25,506 - watchfiles.main - INFO - 1 change detected
2025-06-20 03:17:25,910 - watchfiles.main - INFO - 1 change detected
2025-06-20 03:17:26,317 - watchfiles.main - INFO - 1 change detected
2025-06-20 03:17:26,721 - watchfiles.main - INFO - 1 change detected
2025-06-20 03:17:27,228 - watchfiles.main - INFO - 1 change detected
2025-06-20 03:17:27,592 - watchfiles.main - INFO - 1 change detected
2025-06-20 03:17:28,000 - watchfiles.main - INFO - 1 change detected
2025-06-20 03:17:28,410 - watchfiles.main - INFO - 1 change detected
2025-06-20 03:17:28,813 - watchfiles.main - INFO - 1 change detected
2025-06-20 03:17:29,219 - watchfiles.main - INFO - 1 change detected
2025-06-20 03:17:29,626 - watchfiles.main - INFO - 1 change detected
2025-06-20 03:17:30,032 - watchfiles.main - INFO - 1 change detected
2025-06-20 03:17:30,437 - watchfiles.main - INFO - 1 change detected
2025-06-20 03:17:30,891 - watchfiles.main - INFO - 1 change detected
2025-06-20 03:17:31,295 - watchfiles.main - INFO - 1 change detected
2025-06-20 03:17:31,701 - watchfiles.main - INFO - 1 change detected
2025-06-20 03:17:32,109 - watchfiles.main - INFO - 1 change detected
2025-06-20 03:17:32,514 - watchfiles.main - INFO - 1 change detected
2025-06-20 03:17:32,924 - watchfiles.main - INFO - 1 change detected
2025-06-20 03:17:33,330 - watchfiles.main - INFO - 1 change detected
2025-06-20 03:17:33,736 - watchfiles.main - INFO - 1 change detected
2025-06-20 03:17:34,142 - watchfiles.main - INFO - 1 change detected
2025-06-20 03:17:34,549 - watchfiles.main - INFO - 1 change detected
2025-06-20 03:17:34,956 - watchfiles.main - INFO - 1 change detected
2025-06-20 03:17:35,365 - watchfiles.main - INFO - 1 change detected
2025-06-20 03:17:35,770 - watchfiles.main - INFO - 1 change detected
2025-06-20 03:17:36,175 - watchfiles.main - INFO - 1 change detected
2025-06-20 03:17:36,579 - watchfiles.main - INFO - 1 change detected
2025-06-20 03:17:36,984 - watchfiles.main - INFO - 1 change detected
2025-06-20 03:17:37,404 - watchfiles.main - INFO - 1 change detected
2025-06-20 03:17:37,810 - watchfiles.main - INFO - 1 change detected
2025-06-20 03:17:38,222 - watchfiles.main - INFO - 1 change detected
2025-06-20 03:17:38,628 - watchfiles.main - INFO - 1 change detected
2025-06-20 03:17:39,031 - watchfiles.main - INFO - 1 change detected
2025-06-20 03:17:39,437 - watchfiles.main - INFO - 1 change detected
2025-06-20 03:17:39,842 - watchfiles.main - INFO - 1 change detected
2025-06-20 03:17:40,248 - watchfiles.main - INFO - 1 change detected
2025-06-20 03:17:40,652 - watchfiles.main - INFO - 1 change detected
2025-06-20 03:17:41,059 - watchfiles.main - INFO - 1 change detected
2025-06-20 03:17:41,482 - watchfiles.main - INFO - 1 change detected
2025-06-20 03:17:41,887 - watchfiles.main - INFO - 1 change detected
2025-06-20 03:17:42,344 - watchfiles.main - INFO - 1 change detected
2025-06-20 03:17:42,748 - watchfiles.main - INFO - 1 change detected
2025-06-20 03:17:43,156 - watchfiles.main - INFO - 1 change detected
2025-06-20 03:17:43,562 - watchfiles.main - INFO - 1 change detected
2025-06-20 03:17:43,978 - watchfiles.main - INFO - 1 change detected
2025-06-20 03:17:44,386 - watchfiles.main - INFO - 1 change detected
2025-06-20 03:17:44,797 - watchfiles.main - INFO - 1 change detected
2025-06-20 03:17:45,201 - watchfiles.main - INFO - 1 change detected
2025-06-20 03:17:45,606 - watchfiles.main - INFO - 1 change detected
2025-06-20 03:17:46,009 - watchfiles.main - INFO - 1 change detected
2025-06-20 03:17:46,412 - watchfiles.main - INFO - 1 change detected
2025-06-20 03:17:46,815 - watchfiles.main - INFO - 1 change detected
2025-06-20 03:17:47,224 - watchfiles.main - INFO - 1 change detected
2025-06-20 03:17:47,641 - watchfiles.main - INFO - 1 change detected
2025-06-20 03:17:48,047 - watchfiles.main - INFO - 1 change detected
2025-06-20 03:17:48,449 - watchfiles.main - INFO - 1 change detected
2025-06-20 03:17:48,853 - watchfiles.main - INFO - 1 change detected
2025-06-20 03:17:49,261 - watchfiles.main - INFO - 1 change detected
2025-06-20 03:17:49,666 - watchfiles.main - INFO - 1 change detected
2025-06-20 03:17:50,075 - watchfiles.main - INFO - 1 change detected
2025-06-20 03:17:50,481 - watchfiles.main - INFO - 1 change detected
2025-06-20 03:17:50,885 - watchfiles.main - INFO - 1 change detected
2025-06-20 03:17:51,291 - watchfiles.main - INFO - 1 change detected
2025-06-20 03:17:51,696 - watchfiles.main - INFO - 1 change detected
2025-06-20 03:17:52,151 - watchfiles.main - INFO - 1 change detected
2025-06-20 03:17:52,568 - watchfiles.main - INFO - 1 change detected
2025-06-20 03:17:52,975 - watchfiles.main - INFO - 1 change detected
2025-06-20 03:17:53,380 - watchfiles.main - INFO - 1 change detected
2025-06-20 03:17:53,785 - watchfiles.main - INFO - 1 change detected
2025-06-20 03:17:54,189 - watchfiles.main - INFO - 1 change detected
2025-06-20 03:17:54,595 - watchfiles.main - INFO - 1 change detected
2025-06-20 03:17:55,000 - watchfiles.main - INFO - 1 change detected
2025-06-20 03:17:55,405 - watchfiles.main - INFO - 1 change detected
2025-06-20 03:17:55,860 - watchfiles.main - INFO - 1 change detected
2025-06-20 03:17:56,227 - watchfiles.main - INFO - 1 change detected
2025-06-20 03:17:56,637 - watchfiles.main - INFO - 1 change detected
2025-06-20 03:17:57,043 - watchfiles.main - INFO - 1 change detected
2025-06-20 03:17:57,446 - watchfiles.main - INFO - 1 change detected
2025-06-20 03:17:57,850 - watchfiles.main - INFO - 1 change detected
2025-06-20 03:17:58,258 - watchfiles.main - INFO - 1 change detected
2025-06-20 03:17:58,662 - watchfiles.main - INFO - 1 change detected
2025-06-20 03:17:59,067 - watchfiles.main - INFO - 1 change detected
2025-06-20 03:17:59,471 - watchfiles.main - INFO - 1 change detected
2025-06-20 03:17:59,877 - watchfiles.main - INFO - 1 change detected
2025-06-20 03:18:00,333 - watchfiles.main - INFO - 1 change detected
2025-06-20 03:18:00,735 - watchfiles.main - INFO - 1 change detected
2025-06-20 03:18:01,138 - watchfiles.main - INFO - 1 change detected
2025-06-20 03:18:01,545 - watchfiles.main - INFO - 1 change detected
2025-06-20 03:18:01,950 - watchfiles.main - INFO - 1 change detected
2025-06-20 03:18:02,354 - watchfiles.main - INFO - 1 change detected
2025-06-20 03:18:02,712 - watchfiles.main - INFO - 1 change detected
2025-06-20 03:18:03,067 - watchfiles.main - INFO - 1 change detected
2025-06-20 03:18:03,425 - watchfiles.main - INFO - 1 change detected
2025-06-20 03:18:03,833 - watchfiles.main - INFO - 1 change detected
2025-06-20 03:18:04,189 - watchfiles.main - INFO - 7 changes detected
2025-06-20 03:18:04,547 - watchfiles.main - INFO - 1 change detected
2025-06-20 03:18:04,905 - watchfiles.main - INFO - 1 change detected
2025-06-20 03:18:05,265 - watchfiles.main - INFO - 1 change detected
2025-06-20 03:18:05,627 - watchfiles.main - INFO - 1 change detected
2025-06-20 03:18:05,985 - watchfiles.main - INFO - 1 change detected
2025-06-20 03:18:06,392 - watchfiles.main - INFO - 1 change detected
2025-06-20 03:18:06,809 - watchfiles.main - INFO - 1 change detected
2025-06-20 03:18:07,216 - watchfiles.main - INFO - 1 change detected
2025-06-20 03:18:07,624 - watchfiles.main - INFO - 1 change detected
2025-06-20 03:18:08,031 - watchfiles.main - INFO - 1 change detected
2025-06-20 03:18:08,434 - watchfiles.main - INFO - 1 change detected
2025-06-20 03:18:08,842 - watchfiles.main - INFO - 1 change detected
2025-06-20 03:18:09,247 - watchfiles.main - INFO - 1 change detected
2025-06-20 03:18:09,653 - watchfiles.main - INFO - 1 change detected
2025-06-20 03:18:10,061 - watchfiles.main - INFO - 1 change detected
2025-06-20 03:18:10,466 - watchfiles.main - INFO - 1 change detected
2025-06-20 03:18:10,869 - watchfiles.main - INFO - 1 change detected
2025-06-20 03:18:11,227 - watchfiles.main - INFO - 1 change detected
2025-06-20 03:18:11,637 - watchfiles.main - INFO - 1 change detected
2025-06-20 03:18:12,052 - watchfiles.main - INFO - 1 change detected
2025-06-20 03:18:12,457 - watchfiles.main - INFO - 1 change detected
2025-06-20 03:18:12,866 - watchfiles.main - INFO - 1 change detected
2025-06-20 03:18:13,274 - watchfiles.main - INFO - 1 change detected
2025-06-20 03:18:13,679 - watchfiles.main - INFO - 1 change detected
2025-06-20 03:18:14,083 - watchfiles.main - INFO - 1 change detected
2025-06-20 03:18:14,487 - watchfiles.main - INFO - 1 change detected
2025-06-20 03:18:14,892 - watchfiles.main - INFO - 1 change detected
2025-06-20 03:18:15,298 - watchfiles.main - INFO - 1 change detected
2025-06-20 03:18:15,704 - watchfiles.main - INFO - 1 change detected
2025-06-20 03:18:16,111 - watchfiles.main - INFO - 1 change detected
2025-06-20 03:18:16,518 - watchfiles.main - INFO - 1 change detected
2025-06-20 03:18:16,947 - watchfiles.main - INFO - 1 change detected
2025-06-20 03:18:17,308 - watchfiles.main - INFO - 1 change detected
2025-06-20 03:18:17,716 - watchfiles.main - INFO - 1 change detected
2025-06-20 03:18:18,123 - watchfiles.main - INFO - 1 change detected
2025-06-20 03:18:18,532 - watchfiles.main - INFO - 1 change detected
2025-06-20 03:18:18,934 - watchfiles.main - INFO - 1 change detected
2025-06-20 03:18:19,337 - watchfiles.main - INFO - 1 change detected
2025-06-20 03:18:19,744 - watchfiles.main - INFO - 1 change detected
2025-06-20 03:18:20,153 - watchfiles.main - INFO - 1 change detected
2025-06-20 03:18:20,558 - watchfiles.main - INFO - 1 change detected
2025-06-20 03:18:20,963 - watchfiles.main - INFO - 1 change detected
2025-06-20 03:18:21,372 - watchfiles.main - INFO - 1 change detected
2025-06-20 03:18:21,779 - watchfiles.main - INFO - 1 change detected
2025-06-20 03:18:22,184 - watchfiles.main - INFO - 1 change detected
2025-06-20 03:18:22,550 - watchfiles.main - INFO - 1 change detected
2025-06-20 03:18:22,956 - watchfiles.main - INFO - 1 change detected
2025-06-20 03:18:23,411 - watchfiles.main - INFO - 1 change detected
2025-06-20 03:18:23,814 - watchfiles.main - INFO - 1 change detected
2025-06-20 03:18:24,219 - watchfiles.main - INFO - 1 change detected
2025-06-20 03:18:24,635 - watchfiles.main - INFO - 1 change detected
2025-06-20 03:18:25,042 - watchfiles.main - INFO - 1 change detected
2025-06-20 03:18:25,446 - watchfiles.main - INFO - 1 change detected
2025-06-20 03:18:25,853 - watchfiles.main - INFO - 1 change detected
2025-06-20 03:18:26,256 - watchfiles.main - INFO - 1 change detected
2025-06-20 03:18:26,660 - watchfiles.main - INFO - 1 change detected
2025-06-20 03:18:27,051 - watchfiles.main - INFO - 1 change detected
2025-06-20 03:18:27,473 - watchfiles.main - INFO - 1 change detected
2025-06-20 03:18:27,877 - watchfiles.main - INFO - 1 change detected
2025-06-20 03:18:28,281 - watchfiles.main - INFO - 1 change detected
2025-06-20 03:18:28,690 - watchfiles.main - INFO - 1 change detected
2025-06-20 03:18:29,098 - watchfiles.main - INFO - 1 change detected
2025-06-20 03:18:29,506 - watchfiles.main - INFO - 1 change detected
2025-06-20 03:18:29,908 - watchfiles.main - INFO - 1 change detected
2025-06-20 03:18:30,311 - watchfiles.main - INFO - 1 change detected
2025-06-20 03:18:30,718 - watchfiles.main - INFO - 1 change detected
2025-06-20 03:18:31,124 - watchfiles.main - INFO - 1 change detected
2025-06-20 03:18:31,532 - watchfiles.main - INFO - 1 change detected
2025-06-20 03:18:31,937 - watchfiles.main - INFO - 1 change detected
2025-06-20 03:18:32,341 - watchfiles.main - INFO - 1 change detected
2025-06-20 03:18:32,746 - watchfiles.main - INFO - 1 change detected
2025-06-20 03:18:33,152 - watchfiles.main - INFO - 1 change detected
2025-06-20 03:18:33,559 - watchfiles.main - INFO - 1 change detected
2025-06-20 03:18:33,964 - watchfiles.main - INFO - 1 change detected
2025-06-20 03:18:34,368 - watchfiles.main - INFO - 1 change detected
2025-06-20 03:18:34,785 - watchfiles.main - INFO - 1 change detected
2025-06-20 03:18:35,191 - watchfiles.main - INFO - 1 change detected
2025-06-20 03:18:35,596 - watchfiles.main - INFO - 1 change detected
2025-06-20 03:18:36,019 - watchfiles.main - INFO - 1 change detected
2025-06-20 03:18:36,423 - watchfiles.main - INFO - 1 change detected
2025-06-20 03:18:36,842 - watchfiles.main - INFO - 1 change detected
2025-06-20 03:18:37,245 - watchfiles.main - INFO - 1 change detected
2025-06-20 03:18:37,649 - watchfiles.main - INFO - 1 change detected
2025-06-20 03:18:38,056 - watchfiles.main - INFO - 1 change detected
2025-06-20 03:18:38,463 - watchfiles.main - INFO - 1 change detected
2025-06-20 03:18:38,869 - watchfiles.main - INFO - 1 change detected
2025-06-20 03:18:39,276 - watchfiles.main - INFO - 1 change detected
2025-06-20 03:18:39,680 - watchfiles.main - INFO - 1 change detected
2025-06-20 03:18:40,055 - watchfiles.main - INFO - 1 change detected
2025-06-20 03:18:40,464 - watchfiles.main - INFO - 1 change detected
2025-06-20 03:18:40,870 - watchfiles.main - INFO - 1 change detected
2025-06-20 03:18:41,273 - watchfiles.main - INFO - 1 change detected
2025-06-20 03:18:41,681 - watchfiles.main - INFO - 1 change detected
2025-06-20 03:18:42,088 - watchfiles.main - INFO - 1 change detected
2025-06-20 03:18:42,497 - watchfiles.main - INFO - 1 change detected
2025-06-20 03:18:42,902 - watchfiles.main - INFO - 1 change detected
2025-06-20 03:18:43,306 - watchfiles.main - INFO - 1 change detected
2025-06-20 03:18:43,660 - watchfiles.main - INFO - 1 change detected
